# JRE version: OpenJDK Runtime Environment (8.0_352-b08) (build 1.8.0_352-352-b08)
# Java VM: OpenJDK 64-Bit Server VM (25.352-b08 mixed mode windows-amd64 compressed oops)
Heap:
 PSYoungGen      total 459264K, used 229888K [0x00000000d5f80000, 0x0000000100000000, 0x0000000100000000)
  eden space 229888K, 100% used [0x00000000d5f80000,0x00000000e4000000,0x00000000e4000000)
  from space 229376K, 0% used [0x00000000f2000000,0x00000000f2000000,0x0000000100000000)
  to   space 229376K, 0% used [0x00000000e4000000,0x00000000e4000000,0x00000000f2000000)
 ParOldGen       total 1377792K, used 1377399K [0x0000000081e00000, 0x00000000d5f80000, 0x00000000d5f80000)
  object space 1377792K, 99% used [0x0000000081e00000,0x00000000d5f1dcb8,0x00000000d5f80000)
 Metaspace       used 15984K, capacity 16658K, committed 17024K, reserved 1064960K
  class space    used 2102K, capacity 2308K, committed 2432K, reserved 1048576K
GC Heap History (10 events):
Event: 2408.772 GC heap before
{Heap before GC invocations=85 (full 53):
 PSYoungGen      total 459264K, used 229888K [0x00000000d5f80000, 0x0000000100000000, 0x0000000100000000)
  eden space 229888K, 100% used [0x00000000d5f80000,0x00000000e4000000,0x00000000e4000000)
  from space 229376K, 0% used [0x00000000f2000000,0x00000000f2000000,0x0000000100000000)
  to   space 229376K, 0% used [0x00000000e4000000,0x00000000e4000000,0x00000000f2000000)
 ParOldGen       total 1377792K, used 1377399K [0x0000000081e00000, 0x00000000d5f80000, 0x00000000d5f80000)
  object space 1377792K, 99% used [0x0000000081e00000,0x00000000d5f1dd38,0x00000000d5f80000)
 Metaspace       used 15984K, capacity 16658K, committed 17024K, reserved 1064960K
  class space    used 2102K, capacity 2308K, committed 2432K, reserved 1048576K
Event: 2414.819 GC heap after
Heap after GC invocations=85 (full 53):
 PSYoungGen      total 459264K, used 229886K [0x00000000d5f80000, 0x0000000100000000, 0x0000000100000000)
  eden space 229888K, 99% used [0x00000000d5f80000,0x00000000e3fffae8,0x00000000e4000000)
  from space 229376K, 0% used [0x00000000f2000000,0x00000000f2000000,0x0000000100000000)
  to   space 229376K, 0% used [0x00000000e4000000,0x00000000e4000000,0x00000000f2000000)
 ParOldGen       total 1377792K, used 1377399K [0x0000000081e00000, 0x00000000d5f80000, 0x00000000d5f80000)
  object space 1377792K, 99% used [0x0000000081e00000,0x00000000d5f1dd38,0x00000000d5f80000)
 Metaspace       used 15984K, capacity 16658K, committed 17024K, reserved 1064960K
  class space    used 2102K, capacity 2308K, committed 2432K, reserved 1048576K
}
Event: 2414.819 GC heap before
{Heap before GC invocations=86 (full 54):
 PSYoungGen      total 459264K, used 229888K [0x00000000d5f80000, 0x0000000100000000, 0x0000000100000000)
  eden space 229888K, 100% used [0x00000000d5f80000,0x00000000e4000000,0x00000000e4000000)
  from space 229376K, 0% used [0x00000000f2000000,0x00000000f2000000,0x0000000100000000)
  to   space 229376K, 0% used [0x00000000e4000000,0x00000000e4000000,0x00000000f2000000)
 ParOldGen       total 1377792K, used 1377399K [0x0000000081e00000, 0x00000000d5f80000, 0x00000000d5f80000)
  object space 1377792K, 99% used [0x0000000081e00000,0x00000000d5f1dd38,0x00000000d5f80000)
 Metaspace       used 15984K, capacity 16658K, committed 17024K, reserved 1064960K
  class space    used 2102K, capacity 2308K, committed 2432K, reserved 1048576K
Event: 2425.108 GC heap after
Heap after GC invocations=86 (full 54):
 PSYoungGen      total 459264K, used 229886K [0x00000000d5f80000, 0x0000000100000000, 0x0000000100000000)
  eden space 229888K, 99% used [0x00000000d5f80000,0x00000000e3fffb00,0x00000000e4000000)
  from space 229376K, 0% used [0x00000000f2000000,0x00000000f2000000,0x0000000100000000)
  to   space 229376K, 0% used [0x00000000e4000000,0x00000000e4000000,0x00000000f2000000)
 ParOldGen       total 1377792K, used 1377399K [0x0000000081e00000, 0x00000000d5f80000, 0x00000000d5f80000)
  object space 1377792K, 99% used [0x0000000081e00000,0x00000000d5f1dcf8,0x00000000d5f80000)
 Metaspace       used 15984K, capacity 16658K, committed 17024K, reserved 1064960K
  class space    used 2102K, capacity 2308K, committed 2432K, reserved 1048576K
}
Event: 2425.109 GC heap before
{Heap before GC invocations=87 (full 55):
 PSYoungGen      total 459264K, used 229888K [0x00000000d5f80000, 0x0000000100000000, 0x0000000100000000)
  eden space 229888K, 100% used [0x00000000d5f80000,0x00000000e4000000,0x00000000e4000000)
  from space 229376K, 0% used [0x00000000f2000000,0x00000000f2000000,0x0000000100000000)
  to   space 229376K, 0% used [0x00000000e4000000,0x00000000e4000000,0x00000000f2000000)
 ParOldGen       total 1377792K, used 1377399K [0x0000000081e00000, 0x00000000d5f80000, 0x00000000d5f80000)
  object space 1377792K, 99% used [0x0000000081e00000,0x00000000d5f1dcf8,0x00000000d5f80000)
 Metaspace       used 15984K, capacity 16658K, committed 17024K, reserved 1064960K
  class space    used 2102K, capacity 2308K, committed 2432K, reserved 1048576K
Event: 2431.252 GC heap after
Heap after GC invocations=87 (full 55):
 PSYoungGen      total 459264K, used 229886K [0x00000000d5f80000, 0x0000000100000000, 0x0000000100000000)
  eden space 229888K, 99% used [0x00000000d5f80000,0x00000000e3fffb00,0x00000000e4000000)
  from space 229376K, 0% used [0x00000000f2000000,0x00000000f2000000,0x0000000100000000)
  to   space 229376K, 0% used [0x00000000e4000000,0x00000000e4000000,0x00000000f2000000)
 ParOldGen       total 1377792K, used 1377399K [0x0000000081e00000, 0x00000000d5f80000, 0x00000000d5f80000)
  object space 1377792K, 99% used [0x0000000081e00000,0x00000000d5f1dcf8,0x00000000d5f80000)
 Metaspace       used 15984K, capacity 16658K, committed 17024K, reserved 1064960K
  class space    used 2102K, capacity 2308K, committed 2432K, reserved 1048576K
}
Event: 2431.252 GC heap before
{Heap before GC invocations=88 (full 56):
 PSYoungGen      total 459264K, used 229888K [0x00000000d5f80000, 0x0000000100000000, 0x0000000100000000)
  eden space 229888K, 100% used [0x00000000d5f80000,0x00000000e4000000,0x00000000e4000000)
  from space 229376K, 0% used [0x00000000f2000000,0x00000000f2000000,0x0000000100000000)
  to   space 229376K, 0% used [0x00000000e4000000,0x00000000e4000000,0x00000000f2000000)
 ParOldGen       total 1377792K, used 1377399K [0x0000000081e00000, 0x00000000d5f80000, 0x00000000d5f80000)
  object space 1377792K, 99% used [0x0000000081e00000,0x00000000d5f1dcf8,0x00000000d5f80000)
 Metaspace       used 15984K, capacity 16658K, committed 17024K, reserved 1064960K
  class space    used 2102K, capacity 2308K, committed 2432K, reserved 1048576K
Event: 2437.002 GC heap after
Heap after GC invocations=88 (full 56):
 PSYoungGen      total 459264K, used 229886K [0x00000000d5f80000, 0x0000000100000000, 0x0000000100000000)
  eden space 229888K, 99% used [0x00000000d5f80000,0x00000000e3fffae8,0x00000000e4000000)
  from space 229376K, 0% used [0x00000000f2000000,0x00000000f2000000,0x0000000100000000)
  to   space 229376K, 0% used [0x00000000e4000000,0x00000000e4000000,0x00000000f2000000)
 ParOldGen       total 1377792K, used 1377399K [0x0000000081e00000, 0x00000000d5f80000, 0x00000000d5f80000)
  object space 1377792K, 99% used [0x0000000081e00000,0x00000000d5f1dcf8,0x00000000d5f80000)
 Metaspace       used 15984K, capacity 16658K, committed 17024K, reserved 1064960K
  class space    used 2102K, capacity 2308K, committed 2432K, reserved 1048576K
}
Event: 2437.002 GC heap before
{Heap before GC invocations=89 (full 57):
 PSYoungGen      total 459264K, used 229888K [0x00000000d5f80000, 0x0000000100000000, 0x0000000100000000)
  eden space 229888K, 100% used [0x00000000d5f80000,0x00000000e4000000,0x00000000e4000000)
  from space 229376K, 0% used [0x00000000f2000000,0x00000000f2000000,0x0000000100000000)
  to   space 229376K, 0% used [0x00000000e4000000,0x00000000e4000000,0x00000000f2000000)
 ParOldGen       total 1377792K, used 1377399K [0x0000000081e00000, 0x00000000d5f80000, 0x00000000d5f80000)
  object space 1377792K, 99% used [0x0000000081e00000,0x00000000d5f1dcf8,0x00000000d5f80000)
 Metaspace       used 15984K, capacity 16658K, committed 17024K, reserved 1064960K
  class space    used 2102K, capacity 2308K, committed 2432K, reserved 1048576K
Event: 2447.589 GC heap after
Heap after GC invocations=89 (full 57):
 PSYoungGen      total 459264K, used 229886K [0x00000000d5f80000, 0x0000000100000000, 0x0000000100000000)
  eden space 229888K, 99% used [0x00000000d5f80000,0x00000000e3fffae8,0x00000000e4000000)
  from space 229376K, 0% used [0x00000000f2000000,0x00000000f2000000,0x0000000100000000)
  to   space 229376K, 0% used [0x00000000e4000000,0x00000000e4000000,0x00000000f2000000)
 ParOldGen       total 1377792K, used 1377399K [0x0000000081e00000, 0x00000000d5f80000, 0x00000000d5f80000)
  object space 1377792K, 99% used [0x0000000081e00000,0x00000000d5f1dcb8,0x00000000d5f80000)
 Metaspace       used 15984K, capacity 16658K, committed 17024K, reserved 1064960K
  class space    used 2102K, capacity 2308K, committed 2432K, reserved 1048576K
}

